<?xml version="1.0" encoding="UTF-8"?>
<testng-results ignored="0" total="1" passed="1" failed="0" skipped="0">
  <reporter-output>
  </reporter-output>
  <suite started-at="2023-08-28T16:52:17 EDT" name="Surefire suite" finished-at="2023-08-28T16:53:06 EDT" duration-ms="49020">
    <groups>
      <group name="cucumber">
        <method signature="AbstractTestNGCucumberTests.feature(cucumber.api.testng.CucumberFeatureWrapper)[pri:0, instance:testRunnerProject1.TestRunnerProject1@3d5c822d]" name="feature" class="cucumber.api.testng.AbstractTestNGCucumberTests"/>
      </group> <!-- cucumber -->
    </groups>
    <test started-at="2023-08-28T16:52:17 EDT" name="Surefire test" finished-at="2023-08-28T16:53:06 EDT" duration-ms="49020">
      <class name="testRunnerProject1.TestRunnerProject1">
        <test-method is-config="true" signature="project1setup()[pri:0, instance:testRunnerProject1.TestRunnerProject1@3d5c822d]" started-at="2023-08-28T16:52:17 EDT" name="project1setup" finished-at="2023-08-28T16:52:41 EDT" duration-ms="24353" status="PASS">
          <reporter-output>
          </reporter-output>
        </test-method> <!-- project1setup -->
        <test-method is-config="true" signature="setUpClass()[pri:0, instance:testRunnerProject1.TestRunnerProject1@3d5c822d]" started-at="2023-08-28T16:52:41 EDT" name="setUpClass" finished-at="2023-08-28T16:52:42 EDT" duration-ms="540" status="PASS">
          <reporter-output>
          </reporter-output>
        </test-method> <!-- setUpClass -->
        <test-method signature="feature(cucumber.api.testng.CucumberFeatureWrapper)[pri:0, instance:testRunnerProject1.TestRunnerProject1@3d5c822d]" started-at="2023-08-28T16:52:42 EDT" name="feature" description="Runs Cucumber Feature" data-provider="features" finished-at="2023-08-28T16:53:06 EDT" duration-ms="23682" status="PASS">
          <params>
            <param index="0">
              <value>
                <![CDATA[This feature is for contact functionality]]>
              </value>
            </param>
          </params>
          <reporter-output>
          </reporter-output>
        </test-method> <!-- feature -->
        <test-method is-config="true" signature="tearDownClass()[pri:0, instance:testRunnerProject1.TestRunnerProject1@3d5c822d]" started-at="2023-08-28T16:53:06 EDT" name="tearDownClass" finished-at="2023-08-28T16:53:06 EDT" duration-ms="94" status="PASS">
          <reporter-output>
          </reporter-output>
        </test-method> <!-- tearDownClass -->
        <test-method is-config="true" signature="project1ClosureURL()[pri:0, instance:testRunnerProject1.TestRunnerProject1@3d5c822d]" started-at="2023-08-28T16:53:06 EDT" name="project1ClosureURL" finished-at="2023-08-28T16:53:06 EDT" duration-ms="1" status="PASS">
          <reporter-output>
          </reporter-output>
        </test-method> <!-- project1ClosureURL -->
      </class> <!-- testRunnerProject1.TestRunnerProject1 -->
    </test> <!-- Surefire test -->
  </suite> <!-- Surefire suite -->
</testng-results>
