<?xml version="1.0" encoding="UTF-8"?>
<testng-results ignored="0" total="1" passed="1" failed="0" skipped="0">
  <reporter-output>
  </reporter-output>
  <suite started-at="2023-08-28T20:38:27 EDT" name="Default suite" finished-at="2023-08-28T20:38:46 EDT" duration-ms="18729">
    <groups>
      <group name="cucumber">
        <method signature="AbstractTestNGCucumberTests.feature(cucumber.api.testng.CucumberFeatureWrapper)[pri:0, instance:testRunnerProject1.TestRunnerProject1@221a3fa4]" name="feature" class="cucumber.api.testng.AbstractTestNGCucumberTests"/>
      </group> <!-- cucumber -->
    </groups>
    <test started-at="2023-08-28T20:38:27 EDT" name="Default test" finished-at="2023-08-28T20:38:46 EDT" duration-ms="18729">
      <class name="testRunnerProject1.TestRunnerProject1">
        <test-method is-config="true" signature="project1setup()[pri:0, instance:testRunnerProject1.TestRunnerProject1@221a3fa4]" started-at="2023-08-28T20:38:27 EDT" name="project1setup" finished-at="2023-08-28T20:38:33 EDT" duration-ms="6259" status="PASS">
          <reporter-output>
          </reporter-output>
        </test-method> <!-- project1setup -->
        <test-method is-config="true" signature="setUpClass()[pri:0, instance:testRunnerProject1.TestRunnerProject1@221a3fa4]" started-at="2023-08-28T20:38:33 EDT" name="setUpClass" finished-at="2023-08-28T20:38:33 EDT" duration-ms="244" status="PASS">
          <reporter-output>
          </reporter-output>
        </test-method> <!-- setUpClass -->
        <test-method signature="feature(cucumber.api.testng.CucumberFeatureWrapper)[pri:0, instance:testRunnerProject1.TestRunnerProject1@221a3fa4]" started-at="2023-08-28T20:38:34 EDT" name="feature" description="Runs Cucumber Feature" data-provider="features" finished-at="2023-08-28T20:38:46 EDT" duration-ms="11924" status="PASS">
          <params>
            <param index="0">
              <value>
                <![CDATA[this feature is for cart functionality]]>
              </value>
            </param>
          </params>
          <reporter-output>
          </reporter-output>
        </test-method> <!-- feature -->
        <test-method is-config="true" signature="tearDownClass()[pri:0, instance:testRunnerProject1.TestRunnerProject1@221a3fa4]" started-at="2023-08-28T20:38:46 EDT" name="tearDownClass" finished-at="2023-08-28T20:38:46 EDT" duration-ms="25" status="PASS">
          <reporter-output>
          </reporter-output>
        </test-method> <!-- tearDownClass -->
        <test-method is-config="true" signature="project1ClosureURL()[pri:0, instance:testRunnerProject1.TestRunnerProject1@221a3fa4]" started-at="2023-08-28T20:38:46 EDT" name="project1ClosureURL" finished-at="2023-08-28T20:38:46 EDT" duration-ms="1" status="PASS">
          <reporter-output>
          </reporter-output>
        </test-method> <!-- project1ClosureURL -->
      </class> <!-- testRunnerProject1.TestRunnerProject1 -->
    </test> <!-- Default test -->
  </suite> <!-- Default suite -->
</testng-results>
